<?xml version="1.0" encoding="UTF-8"?>
<!-- Generated by org.testng.reporters.JUnitXMLReporter -->
<testsuite ignored="12" hostname="LTIN180840" failures="0" tests="26" name="ChromeTest" time="48.813" errors="0" timestamp="2024-03-21T17:13:16 IST">
  <testcase classname="testCases.TS_01_NavigateToBookshelvesPage" name="tc_001_isBookShelvesButtonPresent" time="0.096"/>
  <testcase classname="testCases.TS_01_NavigateToBookshelvesPage" name="tc_002_verifyBookshelvesPage" time="2.623"/>
  <testcase classname="testCases.TS_02_VisibilityOfBookshelvesFilters" name="tc_003_handlePopup" time="5.21"/>
  <testcase classname="testCases.TS_02_VisibilityOfBookshelvesFilters" name="tc_004_isPriceFilterPresent" time="0.041"/>
  <testcase classname="testCases.TS_02_VisibilityOfBookshelvesFilters" name="tc_005_isStorageTypeFilterPresent" time="0.034"/>
  <testcase classname="testCases.TS_02_VisibilityOfBookshelvesFilters" name="tc_006_isBrandFilterPresent" time="0.075"/>
  <testcase classname="testCases.TS_02_VisibilityOfBookshelvesFilters" name="tc_007_isOutOfStockCheckboxPresent" time="0.028"/>
  <testcase classname="testCases.TS_02_VisibilityOfBookshelvesFilters" name="tc_008_isPriceFilterHoverable" time="0.346"/>
  <testcase classname="testCases.TS_02_VisibilityOfBookshelvesFilters" name="tc_009_isStorageTypeFilterHoverable" time="0.2"/>
  <testcase classname="testCases.TS_03_SettingTheRequiredFilters" name="tc_010_setPriceSlider" time="0.633"/>
  <testcase classname="testCases.TS_03_SettingTheRequiredFilters" name="tc_011_setStorageType" time="0.219"/>
  <testcase classname="testCases.TS_03_SettingTheRequiredFilters" name="tc_012_checkOutOfStock" time="0.05"/>
  <testcase classname="testCases.TS_04_DisplayBookShelvesDetails" name="tc_013_displayBookshelvesDetails" time="6.322"/>
  <testcase classname="testCases.TS_05_GetListOfSubMenuItems" name="tc_014_isHomeDecorMenuPresent" time="5.309"/>
  <testcase classname="testCases.TS_05_GetListOfSubMenuItems" name="tc_015_getHomeDecorSubMenuItems" time="0.469"/>
  <testcase classname="testCases.TS_06_GiftCardCustomization" name="tc_016_validateGiftCardButton" time="0.089"/>
  <testcase classname="testCases.TS_06_GiftCardCustomization" name="tc_017_navigateToGiftCardsPage" time="3.286"/>
  <testcase classname="testCases.TS_06_GiftCardCustomization" name="tc_018_verifyBirthdayCardIsDisplayed" time="0.102"/>
  <testcase classname="testCases.TS_06_GiftCardCustomization" name="tc_019_giftCardCustomization" time="0.916"/>
  <testcase classname="testCases.TS_07_RecipientAndSenderDetails" name="tc_020_enterRecipientDetails" time="0.449"/>
  <testcase classname="testCases.TS_07_RecipientAndSenderDetails" name="tc_021_validateErrorMessageWithoutNameInSenderDetails" time="0.56"/>
  <testcase classname="testCases.TS_07_RecipientAndSenderDetails" name="tc_022_validateErrorMessageWithoutEmailInSenderDetails" time="0.785"/>
  <testcase classname="testCases.TS_07_RecipientAndSenderDetails" name="tc_023_validateErrorMessageWithInvalidEmailInSenderDetails" time="0.759"/>
  <testcase classname="testCases.TS_07_RecipientAndSenderDetails" name="tc_024_validateErrorMessageWithoutMobileNumberInSenderDetails" time="0.94"/>
  <testcase classname="testCases.TS_07_RecipientAndSenderDetails" name="tc_025_validateErrorMessageWithInvalidMobileNumberInSenderDetails" time="0.904"/>
  <testcase classname="testCases.TS_07_RecipientAndSenderDetails" name="tc_026_validateErrorMessageWithoutAddressInSenderDetails" time="0.672"/>
  <testcase classname="testBase.BaseClass" name="@BeforeTest setup" time="0.0">
    <ignored/>
  </testcase> <!-- @BeforeTest setup -->
  <testcase classname="testBase.BaseClass" name="@AfterTest teardown" time="0.0">
    <ignored/>
  </testcase> <!-- @AfterTest teardown -->
  <testcase classname="testBase.BaseClass" name="@BeforeTest setup" time="0.0">
    <ignored/>
  </testcase> <!-- @BeforeTest setup -->
  <testcase classname="testBase.BaseClass" name="@AfterTest teardown" time="0.0">
    <ignored/>
  </testcase> <!-- @AfterTest teardown -->
  <testcase classname="testBase.BaseClass" name="@BeforeTest setup" time="0.0">
    <ignored/>
  </testcase> <!-- @BeforeTest setup -->
  <testcase classname="testBase.BaseClass" name="@AfterTest teardown" time="0.0">
    <ignored/>
  </testcase> <!-- @AfterTest teardown -->
  <testcase classname="testBase.BaseClass" name="@AfterTest teardown" time="0.0">
    <ignored/>
  </testcase> <!-- @AfterTest teardown -->
  <testcase classname="testBase.BaseClass" name="@BeforeTest setup" time="0.0">
    <ignored/>
  </testcase> <!-- @BeforeTest setup -->
  <testcase classname="testBase.BaseClass" name="@BeforeTest setup" time="0.0">
    <ignored/>
  </testcase> <!-- @BeforeTest setup -->
  <testcase classname="testBase.BaseClass" name="@AfterTest teardown" time="0.0">
    <ignored/>
  </testcase> <!-- @AfterTest teardown -->
  <testcase classname="testBase.BaseClass" name="@BeforeTest setup" time="0.0">
    <ignored/>
  </testcase> <!-- @BeforeTest setup -->
  <testcase classname="testBase.BaseClass" name="@AfterTest teardown" time="0.0">
    <ignored/>
  </testcase> <!-- @AfterTest teardown -->
</testsuite> <!-- ChromeTest -->
