<?xml version="1.0" encoding="UTF-8"?>
<!-- Generated by org.testng.reporters.JUnitXMLReporter -->
<testsuite ignored="12" hostname="LTIN510699" failures="3" tests="26" name="Test" time="69.594" errors="0" timestamp="2024-03-25T15:26:21 IST">
  <testcase classname="testCases.TS_01_NavigateToBookshelvesPage" name="tc_001_isBookShelvesButtonPresent" time="0.639"/>
  <testcase classname="testCases.TS_01_NavigateToBookshelvesPage" name="tc_002_verifyBookshelvesPage" time="2.223"/>
  <testcase classname="testCases.TS_02_VisibilityOfBookshelvesFilters" name="tc_003_handlePopup" time="5.318"/>
  <testcase classname="testCases.TS_02_VisibilityOfBookshelvesFilters" name="tc_004_isPriceFilterPresent" time="0.077"/>
  <testcase classname="testCases.TS_02_VisibilityOfBookshelvesFilters" name="tc_005_isStorageTypeFilterPresent" time="0.048"/>
  <testcase classname="testCases.TS_02_VisibilityOfBookshelvesFilters" name="tc_006_isBrandFilterPresent" time="0.278"/>
  <testcase classname="testCases.TS_02_VisibilityOfBookshelvesFilters" name="tc_007_isOutOfStockCheckboxPresent" time="0.031"/>
  <testcase classname="testCases.TS_02_VisibilityOfBookshelvesFilters" name="tc_008_isPriceFilterHoverable" time="0.227"/>
  <testcase classname="testCases.TS_02_VisibilityOfBookshelvesFilters" name="tc_009_isStorageTypeFilterHoverable" time="0.213"/>
  <testcase classname="testCases.TS_03_SettingTheRequiredFilters" name="tc_010_setPriceSlider" time="0.574"/>
  <testcase classname="testCases.TS_03_SettingTheRequiredFilters" name="tc_011_setStorageType" time="0.254"/>
  <testcase classname="testCases.TS_03_SettingTheRequiredFilters" name="tc_012_checkOutOfStock" time="0.055"/>
  <testcase classname="testCases.TS_04_DisplayBookShelvesDetails" name="tc_013_displayBookshelvesDetails" time="6.348">
    <failure type="java.lang.AssertionError" message=".\dataTables\testResult.xlsx (The process cannot access the file because it is being used by another process)">
      <![CDATA[java.lang.AssertionError: .\dataTables\testResult.xlsx (The process cannot access the file because it is being used by another process)
at testCases.TS_04_DisplayBookShelvesDetails.tc_013_displayBookshelvesDetails(TS_04_DisplayBookShelvesDetails.java:43)
at java.base/java.util.ArrayList.forEach(ArrayList.java:1511)
... Removed 32 stack frames]]>
    </failure>
  </testcase> <!-- tc_013_displayBookshelvesDetails -->
  <testcase classname="testCases.TS_05_GetListOfSubMenuItems" name="tc_014_isHomeDecorMenuPresent" time="25.513">
    <failure type="java.lang.AssertionError" message="Expected condition failed: waiting for visibility of element located by By.xpath: //ul[@class = &amp;apos;inline-list left&amp;apos;]/li[5]//a[text() = &amp;apos;Home Decor&amp;apos;] (tried for 25 second(s) with 5000 milliseconds interval)
Build info: version: &amp;apos;4.18.1&amp;apos;, revision: &amp;apos;b1d3319b48&amp;apos;
System info: os.name: &amp;apos;Windows 11&amp;apos;, os.arch: &amp;apos;amd64&amp;apos;, os.version: &amp;apos;10.0&amp;apos;, java.version: &amp;apos;17.0.10&amp;apos;
Driver info: driver.version: unknown">
      <![CDATA[java.lang.AssertionError: Expected condition failed: waiting for visibility of element located by By.xpath: //ul[@class = 'inline-list left']/li[5]//a[text() = 'Home Decor'] (tried for 25 second(s) with 5000 milliseconds interval)
Build info: version: '4.18.1', revision: 'b1d3319b48'
System info: os.name: 'Windows 11', os.arch: 'amd64', os.version: '10.0', java.version: '17.0.10'
Driver info: driver.version: unknown
at testCases.TS_05_GetListOfSubMenuItems.tc_014_isHomeDecorMenuPresent(TS_05_GetListOfSubMenuItems.java:36)
at java.base/java.util.ArrayList.forEach(ArrayList.java:1511)
... Removed 32 stack frames]]>
    </failure>
  </testcase> <!-- tc_014_isHomeDecorMenuPresent -->
  <testcase classname="testCases.TS_05_GetListOfSubMenuItems" name="tc_015_getHomeDecorSubMenuItems" time="0.159">
    <failure type="java.lang.AssertionError" message=".\dataTables\testResult.xlsx (The process cannot access the file because it is being used by another process)">
      <![CDATA[java.lang.AssertionError: .\dataTables\testResult.xlsx (The process cannot access the file because it is being used by another process)
at testCases.TS_05_GetListOfSubMenuItems.tc_015_getHomeDecorSubMenuItems(TS_05_GetListOfSubMenuItems.java:60)
at java.base/java.util.ArrayList.forEach(ArrayList.java:1511)
... Removed 32 stack frames]]>
    </failure>
  </testcase> <!-- tc_015_getHomeDecorSubMenuItems -->
  <testcase classname="testCases.TS_06_GiftCardCustomization" name="tc_016_validateGiftCardButton" time="0.095"/>
  <testcase classname="testCases.TS_06_GiftCardCustomization" name="tc_017_navigateToGiftCardsPage" time="5.218"/>
  <testcase classname="testCases.TS_06_GiftCardCustomization" name="tc_018_verifyBirthdayCardIsDisplayed" time="0.068"/>
  <testcase classname="testCases.TS_06_GiftCardCustomization" name="tc_019_giftCardCustomization" time="0.667"/>
  <testcase classname="testCases.TS_07_RecipientAndSenderDetails" name="tc_020_enterRecipientDetails" time="0.256"/>
  <testcase classname="testCases.TS_07_RecipientAndSenderDetails" name="tc_021_validateErrorMessageWithoutNameInSenderDetails" time="0.321"/>
  <testcase classname="testCases.TS_07_RecipientAndSenderDetails" name="tc_022_validateErrorMessageWithoutEmailInSenderDetails" time="0.516"/>
  <testcase classname="testCases.TS_07_RecipientAndSenderDetails" name="tc_023_validateErrorMessageWithInvalidEmailInSenderDetails" time="0.618"/>
  <testcase classname="testCases.TS_07_RecipientAndSenderDetails" name="tc_024_validateErrorMessageWithoutMobileNumberInSenderDetails" time="0.444"/>
  <testcase classname="testCases.TS_07_RecipientAndSenderDetails" name="tc_025_validateErrorMessageWithInvalidMobileNumberInSenderDetails" time="0.652"/>
  <testcase classname="testCases.TS_07_RecipientAndSenderDetails" name="tc_026_validateErrorMessageWithoutAddressInSenderDetails" time="0.492"/>
  <testcase classname="testBase.BaseClass" name="@BeforeTest setup" time="0.0">
    <ignored/>
  </testcase> <!-- @BeforeTest setup -->
  <testcase classname="testBase.BaseClass" name="@BeforeTest setup" time="0.0">
    <ignored/>
  </testcase> <!-- @BeforeTest setup -->
  <testcase classname="testBase.BaseClass" name="@AfterTest teardown" time="0.0">
    <ignored/>
  </testcase> <!-- @AfterTest teardown -->
  <testcase classname="testBase.BaseClass" name="@AfterTest teardown" time="0.0">
    <ignored/>
  </testcase> <!-- @AfterTest teardown -->
  <testcase classname="testBase.BaseClass" name="@BeforeTest setup" time="0.0">
    <ignored/>
  </testcase> <!-- @BeforeTest setup -->
  <testcase classname="testBase.BaseClass" name="@BeforeTest setup" time="0.0">
    <ignored/>
  </testcase> <!-- @BeforeTest setup -->
  <testcase classname="testBase.BaseClass" name="@AfterTest teardown" time="0.0">
    <ignored/>
  </testcase> <!-- @AfterTest teardown -->
  <testcase classname="testBase.BaseClass" name="@AfterTest teardown" time="0.0">
    <ignored/>
  </testcase> <!-- @AfterTest teardown -->
  <testcase classname="testBase.BaseClass" name="@AfterTest teardown" time="0.0">
    <ignored/>
  </testcase> <!-- @AfterTest teardown -->
  <testcase classname="testBase.BaseClass" name="@BeforeTest setup" time="0.0">
    <ignored/>
  </testcase> <!-- @BeforeTest setup -->
  <testcase classname="testBase.BaseClass" name="@AfterTest teardown" time="0.0">
    <ignored/>
  </testcase> <!-- @AfterTest teardown -->
  <testcase classname="testBase.BaseClass" name="@BeforeTest setup" time="0.0">
    <ignored/>
  </testcase> <!-- @BeforeTest setup -->
</testsuite> <!-- Test -->
