<?xml version="1.0" encoding="UTF-8"?>
<testsuite xmlns:xsi="http://www.w3.org/2001/XMLSchema-instance" xsi:noNamespaceSchemaLocation="https://maven.apache.org/surefire/maven-surefire-plugin/xsd/surefire-test-report-3.0.xsd" version="3.0" name="TestSuite" time="71.31" tests="26" errors="0" skipped="0" failures="3">
  <properties>
[...]
</properties>
  <testcase name="tc_001_isBookShelvesButtonPresent" classname="testCases.TS_01_NavigateToBookshelvesPage" time="1.028">
    <system-err><![CDATA[SLF4J: Failed to load class "org.slf4j.impl.StaticLoggerBinder".
SLF4J: Defaulting to no-operation (NOP) logger implementation
SLF4J: See http://www.slf4j.org/codes.html#StaticLoggerBinder for further details.
]]></system-err>
  </testcase>
  <testcase name="tc_002_verifyBookshelvesPage" classname="testCases.TS_01_NavigateToBookshelvesPage" time="2.419"/>
  <testcase name="tc_003_handlePopup" classname="testCases.TS_02_VisibilityOfBookshelvesFilters" time="5.836"/>
  <testcase name="tc_004_isPriceFilterPresent" classname="testCases.TS_02_VisibilityOfBookshelvesFilters" time="0.399"/>
  <testcase name="tc_005_isStorageTypeFilterPresent" classname="testCases.TS_02_VisibilityOfBookshelvesFilters" time="0.345"/>
  <testcase name="tc_006_isBrandFilterPresent" classname="testCases.TS_02_VisibilityOfBookshelvesFilters" time="0.476"/>
  <testcase name="tc_007_isOutOfStockCheckboxPresent" classname="testCases.TS_02_VisibilityOfBookshelvesFilters" time="0.233"/>
  <testcase name="tc_008_isPriceFilterHoverable" classname="testCases.TS_02_VisibilityOfBookshelvesFilters" time="0.476"/>
  <testcase name="tc_009_isStorageTypeFilterHoverable" classname="testCases.TS_02_VisibilityOfBookshelvesFilters" time="0.483"/>
  <testcase name="tc_010_setPriceSlider" classname="testCases.TS_03_SettingTheRequiredFilters" time="0.771"/>
  <testcase name="tc_011_setStorageType" classname="testCases.TS_03_SettingTheRequiredFilters" time="0.434"/>
  <testcase name="tc_012_checkOutOfStock" classname="testCases.TS_03_SettingTheRequiredFilters" time="0.252"/>
  <testcase name="tc_013_displayBookshelvesDetails" classname="testCases.TS_04_DisplayBookShelvesDetails" time="6.659">
    <failure message=".\dataTables\testResult.xlsx (The process cannot access the file because it is being used by another process)" type="java.lang.AssertionError"><![CDATA[java.lang.AssertionError: .\dataTables\testResult.xlsx (The process cannot access the file because it is being used by another process)
	at org.testng.Assert.fail(Assert.java:111)
	at testCases.TS_04_DisplayBookShelvesDetails.tc_013_displayBookshelvesDetails(TS_04_DisplayBookShelvesDetails.java:43)
	at java.base/jdk.internal.reflect.NativeMethodAccessorImpl.invoke0(Native Method)
	at java.base/jdk.internal.reflect.NativeMethodAccessorImpl.invoke(NativeMethodAccessorImpl.java:77)
	at java.base/jdk.internal.reflect.DelegatingMethodAccessorImpl.invoke(DelegatingMethodAccessorImpl.java:43)
	at java.base/java.lang.reflect.Method.invoke(Method.java:568)
	at org.testng.internal.invokers.MethodInvocationHelper.invokeMethod(MethodInvocationHelper.java:139)
	at org.testng.internal.invokers.TestInvoker.invokeMethod(TestInvoker.java:664)
	at org.testng.internal.invokers.TestInvoker.invokeTestMethod(TestInvoker.java:228)
	at org.testng.internal.invokers.MethodRunner.runInSequence(MethodRunner.java:63)
	at org.testng.internal.invokers.TestInvoker$MethodInvocationAgent.invoke(TestInvoker.java:961)
	at org.testng.internal.invokers.TestInvoker.invokeTestMethods(TestInvoker.java:201)
	at org.testng.internal.invokers.TestMethodWorker.invokeTestMethods(TestMethodWorker.java:148)
	at org.testng.internal.invokers.TestMethodWorker.run(TestMethodWorker.java:128)
	at java.base/java.util.ArrayList.forEach(ArrayList.java:1511)
	at org.testng.TestRunner.privateRun(TestRunner.java:819)
	at org.testng.TestRunner.run(TestRunner.java:619)
	at org.testng.SuiteRunner.runTest(SuiteRunner.java:443)
	at org.testng.SuiteRunner.runSequentially(SuiteRunner.java:437)
	at org.testng.SuiteRunner.privateRun(SuiteRunner.java:397)
	at org.testng.SuiteRunner.run(SuiteRunner.java:336)
	at org.testng.SuiteRunnerWorker.runSuite(SuiteRunnerWorker.java:52)
	at org.testng.SuiteRunnerWorker.run(SuiteRunnerWorker.java:95)
	at org.testng.TestNG.runSuitesSequentially(TestNG.java:1301)
	at org.testng.TestNG.runSuitesLocally(TestNG.java:1228)
	at org.testng.TestNG.runSuites(TestNG.java:1134)
	at org.testng.TestNG.run(TestNG.java:1101)
	at org.apache.maven.surefire.testng.TestNGExecutor.run(TestNGExecutor.java:308)
	at org.apache.maven.surefire.testng.TestNGXmlTestSuite.execute(TestNGXmlTestSuite.java:71)
	at org.apache.maven.surefire.testng.TestNGProvider.invoke(TestNGProvider.java:113)
	at org.apache.maven.surefire.booter.ForkedBooter.runSuitesInProcess(ForkedBooter.java:385)
	at org.apache.maven.surefire.booter.ForkedBooter.execute(ForkedBooter.java:162)
	at org.apache.maven.surefire.booter.ForkedBooter.run(ForkedBooter.java:507)
	at org.apache.maven.surefire.booter.ForkedBooter.main(ForkedBooter.java:495)
]]></failure>
  </testcase>
  <testcase name="tc_014_isHomeDecorMenuPresent" classname="testCases.TS_05_GetListOfSubMenuItems" time="25.688">
    <failure message="Expected condition failed: waiting for visibility of element located by By.xpath: //ul[@class = &apos;inline-list left&apos;]/li[5]//a[text() = &apos;Home Decor&apos;] (tried for 25 second(s) with 5000 milliseconds interval)&#10;Build info: version: &apos;4.18.1&apos;, revision: &apos;b1d3319b48&apos;&#10;System info: os.name: &apos;Windows 11&apos;, os.arch: &apos;amd64&apos;, os.version: &apos;10.0&apos;, java.version: &apos;17.0.10&apos;&#10;Driver info: driver.version: unknown" type="java.lang.AssertionError"><![CDATA[java.lang.AssertionError: 
Expected condition failed: waiting for visibility of element located by By.xpath: //ul[@class = 'inline-list left']/li[5]//a[text() = 'Home Decor'] (tried for 25 second(s) with 5000 milliseconds interval)
Build info: version: '4.18.1', revision: 'b1d3319b48'
System info: os.name: 'Windows 11', os.arch: 'amd64', os.version: '10.0', java.version: '17.0.10'
Driver info: driver.version: unknown
	at org.testng.Assert.fail(Assert.java:111)
	at testCases.TS_05_GetListOfSubMenuItems.tc_014_isHomeDecorMenuPresent(TS_05_GetListOfSubMenuItems.java:36)
	at java.base/jdk.internal.reflect.NativeMethodAccessorImpl.invoke0(Native Method)
	at java.base/jdk.internal.reflect.NativeMethodAccessorImpl.invoke(NativeMethodAccessorImpl.java:77)
	at java.base/jdk.internal.reflect.DelegatingMethodAccessorImpl.invoke(DelegatingMethodAccessorImpl.java:43)
	at java.base/java.lang.reflect.Method.invoke(Method.java:568)
	at org.testng.internal.invokers.MethodInvocationHelper.invokeMethod(MethodInvocationHelper.java:139)
	at org.testng.internal.invokers.TestInvoker.invokeMethod(TestInvoker.java:664)
	at org.testng.internal.invokers.TestInvoker.invokeTestMethod(TestInvoker.java:228)
	at org.testng.internal.invokers.MethodRunner.runInSequence(MethodRunner.java:63)
	at org.testng.internal.invokers.TestInvoker$MethodInvocationAgent.invoke(TestInvoker.java:961)
	at org.testng.internal.invokers.TestInvoker.invokeTestMethods(TestInvoker.java:201)
	at org.testng.internal.invokers.TestMethodWorker.invokeTestMethods(TestMethodWorker.java:148)
	at org.testng.internal.invokers.TestMethodWorker.run(TestMethodWorker.java:128)
	at java.base/java.util.ArrayList.forEach(ArrayList.java:1511)
	at org.testng.TestRunner.privateRun(TestRunner.java:819)
	at org.testng.TestRunner.run(TestRunner.java:619)
	at org.testng.SuiteRunner.runTest(SuiteRunner.java:443)
	at org.testng.SuiteRunner.runSequentially(SuiteRunner.java:437)
	at org.testng.SuiteRunner.privateRun(SuiteRunner.java:397)
	at org.testng.SuiteRunner.run(SuiteRunner.java:336)
	at org.testng.SuiteRunnerWorker.runSuite(SuiteRunnerWorker.java:52)
	at org.testng.SuiteRunnerWorker.run(SuiteRunnerWorker.java:95)
	at org.testng.TestNG.runSuitesSequentially(TestNG.java:1301)
	at org.testng.TestNG.runSuitesLocally(TestNG.java:1228)
	at org.testng.TestNG.runSuites(TestNG.java:1134)
	at org.testng.TestNG.run(TestNG.java:1101)
	at org.apache.maven.surefire.testng.TestNGExecutor.run(TestNGExecutor.java:308)
	at org.apache.maven.surefire.testng.TestNGXmlTestSuite.execute(TestNGXmlTestSuite.java:71)
	at org.apache.maven.surefire.testng.TestNGProvider.invoke(TestNGProvider.java:113)
	at org.apache.maven.surefire.booter.ForkedBooter.runSuitesInProcess(ForkedBooter.java:385)
	at org.apache.maven.surefire.booter.ForkedBooter.execute(ForkedBooter.java:162)
	at org.apache.maven.surefire.booter.ForkedBooter.run(ForkedBooter.java:507)
	at org.apache.maven.surefire.booter.ForkedBooter.main(ForkedBooter.java:495)
]]></failure>
  </testcase>
  <testcase name="tc_015_getHomeDecorSubMenuItems" classname="testCases.TS_05_GetListOfSubMenuItems" time="0.298">
    <failure message=".\dataTables\testResult.xlsx (The process cannot access the file because it is being used by another process)" type="java.lang.AssertionError"><![CDATA[java.lang.AssertionError: .\dataTables\testResult.xlsx (The process cannot access the file because it is being used by another process)
	at org.testng.Assert.fail(Assert.java:111)
	at testCases.TS_05_GetListOfSubMenuItems.tc_015_getHomeDecorSubMenuItems(TS_05_GetListOfSubMenuItems.java:60)
	at java.base/jdk.internal.reflect.NativeMethodAccessorImpl.invoke0(Native Method)
	at java.base/jdk.internal.reflect.NativeMethodAccessorImpl.invoke(NativeMethodAccessorImpl.java:77)
	at java.base/jdk.internal.reflect.DelegatingMethodAccessorImpl.invoke(DelegatingMethodAccessorImpl.java:43)
	at java.base/java.lang.reflect.Method.invoke(Method.java:568)
	at org.testng.internal.invokers.MethodInvocationHelper.invokeMethod(MethodInvocationHelper.java:139)
	at org.testng.internal.invokers.TestInvoker.invokeMethod(TestInvoker.java:664)
	at org.testng.internal.invokers.TestInvoker.invokeTestMethod(TestInvoker.java:228)
	at org.testng.internal.invokers.MethodRunner.runInSequence(MethodRunner.java:63)
	at org.testng.internal.invokers.TestInvoker$MethodInvocationAgent.invoke(TestInvoker.java:961)
	at org.testng.internal.invokers.TestInvoker.invokeTestMethods(TestInvoker.java:201)
	at org.testng.internal.invokers.TestMethodWorker.invokeTestMethods(TestMethodWorker.java:148)
	at org.testng.internal.invokers.TestMethodWorker.run(TestMethodWorker.java:128)
	at java.base/java.util.ArrayList.forEach(ArrayList.java:1511)
	at org.testng.TestRunner.privateRun(TestRunner.java:819)
	at org.testng.TestRunner.run(TestRunner.java:619)
	at org.testng.SuiteRunner.runTest(SuiteRunner.java:443)
	at org.testng.SuiteRunner.runSequentially(SuiteRunner.java:437)
	at org.testng.SuiteRunner.privateRun(SuiteRunner.java:397)
	at org.testng.SuiteRunner.run(SuiteRunner.java:336)
	at org.testng.SuiteRunnerWorker.runSuite(SuiteRunnerWorker.java:52)
	at org.testng.SuiteRunnerWorker.run(SuiteRunnerWorker.java:95)
	at org.testng.TestNG.runSuitesSequentially(TestNG.java:1301)
	at org.testng.TestNG.runSuitesLocally(TestNG.java:1228)
	at org.testng.TestNG.runSuites(TestNG.java:1134)
	at org.testng.TestNG.run(TestNG.java:1101)
	at org.apache.maven.surefire.testng.TestNGExecutor.run(TestNGExecutor.java:308)
	at org.apache.maven.surefire.testng.TestNGXmlTestSuite.execute(TestNGXmlTestSuite.java:71)
	at org.apache.maven.surefire.testng.TestNGProvider.invoke(TestNGProvider.java:113)
	at org.apache.maven.surefire.booter.ForkedBooter.runSuitesInProcess(ForkedBooter.java:385)
	at org.apache.maven.surefire.booter.ForkedBooter.execute(ForkedBooter.java:162)
	at org.apache.maven.surefire.booter.ForkedBooter.run(ForkedBooter.java:507)
	at org.apache.maven.surefire.booter.ForkedBooter.main(ForkedBooter.java:495)
]]></failure>
    <system-out><![CDATA[
List of Sub-Menu items under the Home Decor Menu:
]]></system-out>
  </testcase>
  <testcase name="tc_016_validateGiftCardButton" classname="testCases.TS_06_GiftCardCustomization" time="0.222"/>
  <testcase name="tc_017_navigateToGiftCardsPage" classname="testCases.TS_06_GiftCardCustomization" time="5.675"/>
  <testcase name="tc_018_verifyBirthdayCardIsDisplayed" classname="testCases.TS_06_GiftCardCustomization" time="0.219"/>
  <testcase name="tc_019_giftCardCustomization" classname="testCases.TS_06_GiftCardCustomization" time="0.942"/>
  <testcase name="tc_020_enterRecipientDetails" classname="testCases.TS_07_RecipientAndSenderDetails" time="0.479"/>
  <testcase name="tc_021_validateErrorMessageWithoutNameInSenderDetails" classname="testCases.TS_07_RecipientAndSenderDetails" time="0.455">
    <system-out><![CDATA[Checking the Validity of the form without providing Sender's Name:
Please fill out this field.
Please enter a valid name.
]]></system-out>
  </testcase>
  <testcase name="tc_022_validateErrorMessageWithoutEmailInSenderDetails" classname="testCases.TS_07_RecipientAndSenderDetails" time="0.77">
    <system-out><![CDATA[Checking the Validity of the form without providing Sender's Email:
Please fill out this field.
]]></system-out>
  </testcase>
  <testcase name="tc_023_validateErrorMessageWithInvalidEmailInSenderDetails" classname="testCases.TS_07_RecipientAndSenderDetails" time="0.787">
    <system-out><![CDATA[Checking the Validity of the form with providing invalid Sender's Email:
Please enter a part followed by '@'. '@gmail.com' is incomplete.
]]></system-out>
  </testcase>
  <testcase name="tc_024_validateErrorMessageWithoutMobileNumberInSenderDetails" classname="testCases.TS_07_RecipientAndSenderDetails" time="0.62">
    <system-out><![CDATA[Checking the Validity of the form without providing Sender's Mobile Number:
Please fill out this field.
]]></system-out>
  </testcase>
  <testcase name="tc_025_validateErrorMessageWithInvalidMobileNumberInSenderDetails" classname="testCases.TS_07_RecipientAndSenderDetails" time="0.806">
    <system-out><![CDATA[Checking the Validity of the form with providing invalid Sender's Mobile Number:
Please match the requested format.
Please enter a valid 10 digit mobile number
]]></system-out>
  </testcase>
  <testcase name="tc_026_validateErrorMessageWithoutAddressInSenderDetails" classname="testCases.TS_07_RecipientAndSenderDetails" time="0.642">
    <system-out><![CDATA[Checking the Validity of the form without providing Sender's Address:
Please fill out this field.
Please enter a valid address.
]]></system-out>
  </testcase>
</testsuite>