<?xml version="1.0" encoding="UTF-8"?>
<!-- Generated by org.testng.reporters.JUnitXMLReporter -->
<testsuite ignored="12" hostname="LTIN510699" failures="0" tests="27" name="Test" time="62.981" errors="0" timestamp="2024-03-26T12:53:33 IST">
  <testcase classname="testCases.TS_01_NavigateToBookshelvesPage" name="tc_001_isBookShelvesButtonPresent" time="0.88"/>
  <testcase classname="testCases.TS_01_NavigateToBookshelvesPage" name="tc_002_verifyBookshelvesPage" time="2.217"/>
  <testcase classname="testCases.TS_02_VisibilityOfBookshelvesFilters" name="tc_003_handlePopup" time="5.131"/>
  <testcase classname="testCases.TS_02_VisibilityOfBookshelvesFilters" name="tc_004_isPriceFilterPresent" time="0.041"/>
  <testcase classname="testCases.TS_02_VisibilityOfBookshelvesFilters" name="tc_005_isStorageTypeFilterPresent" time="0.027"/>
  <testcase classname="testCases.TS_02_VisibilityOfBookshelvesFilters" name="tc_006_isBrandFilterPresent" time="0.036"/>
  <testcase classname="testCases.TS_02_VisibilityOfBookshelvesFilters" name="tc_007_isOutOfStockCheckboxPresent" time="0.055"/>
  <testcase classname="testCases.TS_02_VisibilityOfBookshelvesFilters" name="tc_008_isPriceFilterHoverable" time="0.224"/>
  <testcase classname="testCases.TS_02_VisibilityOfBookshelvesFilters" name="tc_009_isStorageTypeFilterHoverable" time="0.212"/>
  <testcase classname="testCases.TS_03_SettingTheRequiredFilters" name="tc_010_setPriceSlider" time="0.55"/>
  <testcase classname="testCases.TS_03_SettingTheRequiredFilters" name="tc_011_setStorageType" time="0.204"/>
  <testcase classname="testCases.TS_03_SettingTheRequiredFilters" name="tc_012_checkOutOfStock" time="0.145"/>
  <testcase classname="testCases.TS_04_DisplayBookShelvesDetails" name="tc_013_displayBookshelvesDetails" time="10.024"/>
  <testcase classname="testCases.TS_05_GetListOfSubMenuItems" name="tc_014_isHomeDecorMenuPresent" time="5.284"/>
  <testcase classname="testCases.TS_05_GetListOfSubMenuItems" name="tc_015_getHomeDecorSubMenuItems" time="1.044"/>
  <testcase classname="testCases.TS_06_GiftCardCustomization" name="tc_016_validateGiftCardButton" time="0.032"/>
  <testcase classname="testCases.TS_06_GiftCardCustomization" name="tc_017_navigateToGiftCardsPage" time="12.312"/>
  <testcase classname="testCases.TS_06_GiftCardCustomization" name="tc_018_verifyBirthdayCardIsDisplayed" time="0.089"/>
  <testcase classname="testCases.TS_06_GiftCardCustomization" name="tc_019_giftCardCustomization" time="0.887"/>
  <testcase classname="testCases.TS_07_ResipientAndSenderDetailsDDT" name="tc_020_enterRecipientDetailsDDT" time="0.498"/>
  <testcase classname="testCases.TS_07_ResipientAndSenderDetailsDDT" name="tc_021_enterSenderDetailsDDT" time="1.133"/>
  <testcase classname="testCases.TS_07_ResipientAndSenderDetailsDDT" name="tc_021_enterSenderDetailsDDT" time="0.96"/>
  <testcase classname="testCases.TS_07_ResipientAndSenderDetailsDDT" name="tc_021_enterSenderDetailsDDT" time="1.063"/>
  <testcase classname="testCases.TS_07_ResipientAndSenderDetailsDDT" name="tc_021_enterSenderDetailsDDT" time="1.061"/>
  <testcase classname="testCases.TS_07_ResipientAndSenderDetailsDDT" name="tc_021_enterSenderDetailsDDT" time="0.904"/>
  <testcase classname="testCases.TS_07_ResipientAndSenderDetailsDDT" name="tc_021_enterSenderDetailsDDT" time="1.043"/>
  <testcase classname="testCases.TS_07_ResipientAndSenderDetailsDDT" name="tc_021_enterSenderDetailsDDT" time="0.983"/>
  <testcase classname="testBase.BaseClass" name="@BeforeTest setup" time="0.0">
    <ignored/>
  </testcase> <!-- @BeforeTest setup -->
  <testcase classname="testBase.BaseClass" name="@AfterTest teardown" time="0.0">
    <ignored/>
  </testcase> <!-- @AfterTest teardown -->
  <testcase classname="testBase.BaseClass" name="@BeforeTest setup" time="0.0">
    <ignored/>
  </testcase> <!-- @BeforeTest setup -->
  <testcase classname="testBase.BaseClass" name="@BeforeTest setup" time="0.0">
    <ignored/>
  </testcase> <!-- @BeforeTest setup -->
  <testcase classname="testBase.BaseClass" name="@AfterTest teardown" time="0.0">
    <ignored/>
  </testcase> <!-- @AfterTest teardown -->
  <testcase classname="testBase.BaseClass" name="@AfterTest teardown" time="0.0">
    <ignored/>
  </testcase> <!-- @AfterTest teardown -->
  <testcase classname="testBase.BaseClass" name="@AfterTest teardown" time="0.0">
    <ignored/>
  </testcase> <!-- @AfterTest teardown -->
  <testcase classname="testBase.BaseClass" name="@BeforeTest setup" time="0.0">
    <ignored/>
  </testcase> <!-- @BeforeTest setup -->
  <testcase classname="testBase.BaseClass" name="@AfterTest teardown" time="0.0">
    <ignored/>
  </testcase> <!-- @AfterTest teardown -->
  <testcase classname="testBase.BaseClass" name="@BeforeTest setup" time="0.0">
    <ignored/>
  </testcase> <!-- @BeforeTest setup -->
  <testcase classname="testBase.BaseClass" name="@AfterTest teardown" time="0.0">
    <ignored/>
  </testcase> <!-- @AfterTest teardown -->
  <testcase classname="testBase.BaseClass" name="@BeforeTest setup" time="0.0">
    <ignored/>
  </testcase> <!-- @BeforeTest setup -->
</testsuite> <!-- Test -->
